2020/2/25 PM 3:19:24 DEBUG: Connect-Response: "+OK The Microsoft Exchange POP3 service is ready. [UABSADAAUAAyADYANABDAEEAMAAxADcAMAAuAEYAUgBBAFAAMgA2ADQALgBQAFIATwBEAC4ATwBVAFQATABPAE8ASwAuAEMATwBNAA==]"
2020/2/25 PM 3:19:24 DEBUG: SendCommand: "USER zijian-wu@outlook.com"
2020/2/25 PM 3:19:24 DEBUG: Server-Response: "+OK"
2020/2/25 PM 3:19:24 DEBUG: SendCommand: "PASS 03010023cw"
2020/2/25 PM 3:19:26 DEBUG: Server-Response: "+OK User successfully logged on."
2020/2/25 PM 3:19:26 DEBUG: SendCommand: "STAT"
2020/2/25 PM 3:19:26 DEBUG: Server-Response: "+OK 4728 901192040"
2020/2/25 PM 3:19:26 DEBUG: SendCommand: "RETR 4728"
2020/2/25 PM 3:19:26 DEBUG: Server-Response: "+OK"
2020/2/25 PM 3:19:26 DEBUG: SendCommand: "RETR 4727"
2020/2/25 PM 3:19:27 DEBUG: Server-Response: "+OK"
2020/2/25 PM 3:19:27 DEBUG: SendCommand: "RETR 4726"
2020/2/25 PM 3:19:27 DEBUG: Server-Response: "+OK"
2020/2/25 PM 3:19:27 DEBUG: SendCommand: "RETR 4725"
2020/2/25 PM 3:19:27 DEBUG: Server-Response: "+OK"
2020/2/25 PM 3:19:27 DEBUG: SendCommand: "RETR 4724"
2020/2/25 PM 3:19:28 DEBUG: Server-Response: "+OK"
2020/2/25 PM 3:19:28 DEBUG: SendCommand: "RETR 4723"
2020/2/25 PM 3:19:28 DEBUG: Server-Response: "+OK"
2020/2/25 PM 3:19:28 DEBUG: SendCommand: "RETR 4722"
2020/2/25 PM 3:19:28 DEBUG: Server-Response: "+OK"
2020/2/25 PM 3:19:28 DEBUG: SendCommand: "RETR 4721"
2020/2/25 PM 3:19:28 DEBUG: Server-Response: "+OK"
2020/2/25 PM 3:19:28 DEBUG: SendCommand: "RETR 4720"
2020/2/25 PM 3:19:28 DEBUG: Server-Response: "+OK"
2020/2/25 PM 3:19:28 DEBUG: SendCommand: "RETR 4719"
2020/2/25 PM 3:19:29 DEBUG: Server-Response: "+OK"
2020/2/25 PM 3:19:29 DEBUG: SendCommand: "RETR 4718"
2020/2/25 PM 3:19:29 DEBUG: Server-Response: "+OK"
2020/2/25 PM 3:19:29 DEBUG: SendCommand: "RETR 4717"
2020/2/25 PM 3:19:29 DEBUG: Server-Response: "+OK"
2020/2/25 PM 3:19:29 DEBUG: SendCommand: "RETR 4716"
2020/2/25 PM 3:19:29 DEBUG: Server-Response: "+OK"
2020/2/25 PM 3:19:30 DEBUG: SendCommand: "RETR 4715"
2020/2/25 PM 3:19:30 DEBUG: Server-Response: "+OK"
2020/2/25 PM 3:19:30 DEBUG: SendCommand: "RETR 4714"
2020/2/25 PM 3:19:30 DEBUG: Server-Response: "+OK"
2020/2/25 PM 3:19:30 DEBUG: SendCommand: "RETR 4713"
2020/2/25 PM 3:19:30 DEBUG: Server-Response: "+OK"
2020/2/25 PM 3:19:30 DEBUG: SendCommand: "RETR 4712"
2020/2/25 PM 3:19:31 DEBUG: Server-Response: "+OK"
2020/2/25 PM 3:19:31 DEBUG: SendCommand: "RETR 4711"
2020/2/25 PM 3:19:31 DEBUG: Server-Response: "+OK"
2020/2/25 PM 3:19:31 DEBUG: SendCommand: "RETR 4710"
2020/2/25 PM 3:19:31 DEBUG: Server-Response: "+OK"
2020/2/25 PM 3:19:31 DEBUG: SendCommand: "RETR 4709"
2020/2/25 PM 3:19:31 DEBUG: Server-Response: "+OK"
2020/2/25 PM 3:19:32 DEBUG: SendCommand: "RETR 4708"
2020/2/25 PM 3:19:32 DEBUG: Server-Response: "+OK"
2020/2/25 PM 3:19:32 DEBUG: SendCommand: "RETR 4707"
2020/2/25 PM 3:19:32 DEBUG: Server-Response: "+OK"
2020/2/25 PM 3:19:32 DEBUG: SendCommand: "RETR 4706"
2020/2/25 PM 3:19:33 DEBUG: Server-Response: "+OK"
2020/2/25 PM 3:19:33 DEBUG: SendCommand: "RETR 4705"
2020/2/25 PM 3:19:33 DEBUG: Server-Response: "+OK"
2020/2/25 PM 3:19:33 DEBUG: SendCommand: "RETR 4704"
2020/2/25 PM 3:19:33 DEBUG: Server-Response: "+OK"
2020/2/25 PM 3:19:33 DEBUG: SendCommand: "RETR 4703"
2020/2/25 PM 3:19:33 DEBUG: Server-Response: "+OK"
2020/2/25 PM 3:19:33 DEBUG: SendCommand: "RETR 4702"
2020/2/25 PM 3:19:34 DEBUG: Server-Response: "+OK"
2020/2/25 PM 3:19:34 DEBUG: SendCommand: "RETR 4701"
2020/2/25 PM 3:19:34 DEBUG: Server-Response: "+OK"
2020/2/25 PM 3:19:35 DEBUG: SendCommand: "RETR 4700"
2020/2/25 PM 3:19:35 DEBUG: Server-Response: "+OK"
2020/2/25 PM 3:19:35 DEBUG: SendCommand: "RETR 4699"
2020/2/25 PM 3:19:35 DEBUG: Server-Response: "+OK"
2020/2/25 PM 3:19:35 DEBUG: SendCommand: "RETR 4698"
2020/2/25 PM 3:19:35 DEBUG: Server-Response: "+OK"
2020/2/25 PM 3:19:35 DEBUG: SendCommand: "RETR 4697"
2020/2/25 PM 3:19:36 DEBUG: Server-Response: "+OK"
2020/2/25 PM 3:19:36 DEBUG: SendCommand: "RETR 4696"
2020/2/25 PM 3:19:36 DEBUG: Server-Response: "+OK"
2020/2/25 PM 3:19:36 DEBUG: SendCommand: "RETR 4695"
2020/2/25 PM 3:19:36 DEBUG: Server-Response: "+OK"
2020/2/25 PM 3:19:37 DEBUG: SendCommand: "RETR 4694"
2020/2/25 PM 3:19:37 DEBUG: Server-Response: "+OK"
2020/2/25 PM 3:19:37 DEBUG: SendCommand: "RETR 4693"
2020/2/25 PM 3:19:37 DEBUG: Server-Response: "+OK"
2020/2/25 PM 3:19:37 DEBUG: SendCommand: "RETR 4692"
2020/2/25 PM 3:19:38 DEBUG: Server-Response: "+OK"
2020/2/25 PM 3:19:38 DEBUG: SendCommand: "RETR 4691"
2020/2/25 PM 3:19:38 DEBUG: Server-Response: "+OK"
2020/2/25 PM 3:19:38 DEBUG: SendCommand: "RETR 4690"
2020/2/25 PM 3:19:38 DEBUG: Server-Response: "+OK"
2020/2/25 PM 3:19:38 DEBUG: SendCommand: "RETR 4689"
2020/2/25 PM 3:19:39 DEBUG: Server-Response: "+OK"
2020/2/25 PM 3:19:39 DEBUG: SendCommand: "RETR 4688"
2020/2/25 PM 3:19:39 DEBUG: Server-Response: "+OK"
2020/2/25 PM 3:19:39 DEBUG: SendCommand: "RETR 4687"
2020/2/25 PM 3:19:39 DEBUG: Server-Response: "+OK"
2020/2/25 PM 3:19:39 DEBUG: SendCommand: "RETR 4686"
2020/2/25 PM 3:19:39 DEBUG: Server-Response: "+OK"
2020/2/25 PM 3:19:39 DEBUG: SendCommand: "RETR 4685"
2020/2/25 PM 3:19:40 DEBUG: Server-Response: "+OK"
2020/2/25 PM 3:19:40 DEBUG: SendCommand: "RETR 4684"
2020/2/25 PM 3:19:40 DEBUG: Server-Response: "+OK"
2020/2/25 PM 3:19:40 DEBUG: SendCommand: "RETR 4683"
2020/2/25 PM 3:19:41 DEBUG: Server-Response: "+OK"
2020/2/25 PM 3:19:41 DEBUG: SendCommand: "RETR 4682"
2020/2/25 PM 3:19:41 DEBUG: Server-Response: "+OK"
2020/2/25 PM 3:19:41 DEBUG: SendCommand: "RETR 4681"
2020/2/25 PM 3:19:41 DEBUG: Server-Response: "+OK"
2020/2/25 PM 3:19:41 DEBUG: SendCommand: "RETR 4680"
2020/2/25 PM 3:19:42 DEBUG: Server-Response: "+OK"
2020/2/25 PM 3:19:42 DEBUG: SendCommand: "RETR 4679"
2020/2/25 PM 3:19:42 DEBUG: Server-Response: "+OK"
2020/2/25 PM 3:19:42 DEBUG: SendCommand: "RETR 4678"
2020/2/25 PM 3:19:43 DEBUG: Server-Response: "+OK"
2020/2/25 PM 3:19:43 DEBUG: SendCommand: "RETR 4677"
2020/2/25 PM 3:19:43 DEBUG: Server-Response: "+OK"
2020/2/25 PM 3:19:43 DEBUG: SendCommand: "RETR 4676"
2020/2/25 PM 3:19:43 DEBUG: Server-Response: "+OK"
2020/2/25 PM 3:19:43 DEBUG: SendCommand: "RETR 4675"
2020/2/25 PM 3:19:44 DEBUG: Server-Response: "+OK"
2020/2/25 PM 3:19:44 DEBUG: SendCommand: "RETR 4674"
2020/2/25 PM 3:19:44 DEBUG: Server-Response: "+OK"
2020/2/25 PM 3:19:44 DEBUG: SendCommand: "RETR 4673"
2020/2/25 PM 3:19:44 DEBUG: Server-Response: "+OK"
2020/2/25 PM 3:19:45 DEBUG: SendCommand: "RETR 4672"
2020/2/25 PM 3:19:45 DEBUG: Server-Response: "+OK"
2020/2/25 PM 3:19:45 DEBUG: SendCommand: "RETR 4671"
2020/2/25 PM 3:19:45 DEBUG: Server-Response: "+OK"
2020/2/25 PM 3:19:46 DEBUG: SendCommand: "RETR 4670"
2020/2/25 PM 3:19:46 DEBUG: Server-Response: "+OK"
2020/2/25 PM 3:19:46 DEBUG: SendCommand: "RETR 4669"
2020/2/25 PM 3:19:46 DEBUG: Server-Response: "+OK"
2020/2/25 PM 3:19:46 DEBUG: SendCommand: "RETR 4668"
2020/2/25 PM 3:19:47 DEBUG: Server-Response: "+OK"
2020/2/25 PM 3:19:47 DEBUG: SendCommand: "RETR 4667"
2020/2/25 PM 3:19:47 DEBUG: Server-Response: "+OK"
2020/2/25 PM 3:19:47 DEBUG: SendCommand: "RETR 4666"
2020/2/25 PM 3:19:47 DEBUG: Server-Response: "+OK"
2020/2/25 PM 3:19:48 DEBUG: SendCommand: "RETR 4665"
2020/2/25 PM 3:19:48 DEBUG: Server-Response: "+OK"
2020/2/25 PM 3:19:48 DEBUG: SendCommand: "RETR 4664"
2020/2/25 PM 3:19:54 DEBUG: Server-Response: "+OK"
2020/2/25 PM 3:20:49 DEBUG: Connect-Response: "+OK The Microsoft Exchange POP3 service is ready. [UABSADMAUAAxADkAMwBDAEEAMAAwADEANQAuAEUAVQBSAFAAMQA5ADMALgBQAFIATwBEAC4ATwBVAFQATABPAE8ASwAuAEMATwBNAA==]"
2020/2/25 PM 3:20:49 DEBUG: SendCommand: "USER zijian-wu@outlook.com"
2020/2/25 PM 3:20:49 DEBUG: Server-Response: "+OK"
2020/2/25 PM 3:20:49 DEBUG: SendCommand: "PASS 03010023cw"
2020/2/25 PM 3:20:50 DEBUG: Server-Response: "+OK User successfully logged on."
2020/2/25 PM 3:20:50 DEBUG: SendCommand: "STAT"
2020/2/25 PM 3:20:51 DEBUG: Server-Response: "+OK 4728 901192040"
2020/2/25 PM 3:20:51 DEBUG: SendCommand: "RETR 10"
2020/2/25 PM 3:20:51 DEBUG: Server-Response: "+OK"
2020/2/25 PM 3:20:51 DEBUG: SendCommand: "RETR 9"
2020/2/25 PM 3:20:52 DEBUG: Server-Response: "+OK"
2020/2/25 PM 3:20:52 DEBUG: SendCommand: "RETR 8"
2020/2/25 PM 3:20:52 DEBUG: Server-Response: "+OK"
2020/2/25 PM 3:20:52 DEBUG: SendCommand: "RETR 7"
2020/2/25 PM 3:20:53 DEBUG: Server-Response: "+OK"
2020/2/25 PM 3:20:53 DEBUG: SendCommand: "RETR 6"
2020/2/25 PM 3:20:53 DEBUG: Server-Response: "+OK"
2020/2/25 PM 3:20:53 DEBUG: SendCommand: "RETR 5"
2020/2/25 PM 3:20:53 DEBUG: Server-Response: "+OK"
2020/2/25 PM 3:20:54 DEBUG: SendCommand: "RETR 4"
2020/2/25 PM 3:20:54 DEBUG: Server-Response: "+OK"
2020/2/25 PM 3:20:54 DEBUG: SendCommand: "RETR 3"
2020/2/25 PM 3:20:54 DEBUG: Server-Response: "+OK"
2020/2/25 PM 3:20:54 DEBUG: SendCommand: "RETR 2"
2020/2/25 PM 3:20:55 DEBUG: Server-Response: "+OK"
2020/2/25 PM 3:20:57 DEBUG: SendCommand: "RETR 1"
2020/2/25 PM 3:20:57 DEBUG: Server-Response: "+OK"
2020/2/25 PM 3:25:24 DEBUG: Connect-Response: "+OK The Microsoft Exchange POP3 service is ready. [UABSADMAUAAxADgAOQBDAEEAMAAwADEANQAuAEUAVQBSAFAAMQA4ADkALgBQAFIATwBEAC4ATwBVAFQATABPAE8ASwAuAEMATwBNAA==]"
2020/2/25 PM 3:25:24 DEBUG: SendCommand: "USER zijian-wu@outlook.com"
2020/2/25 PM 3:25:24 DEBUG: Server-Response: "+OK"
2020/2/25 PM 3:25:24 DEBUG: SendCommand: "PASS 03010023cw"
2020/2/25 PM 3:25:26 DEBUG: Server-Response: "+OK User successfully logged on."
2020/2/25 PM 3:25:26 DEBUG: SendCommand: "STAT"
2020/2/25 PM 3:25:26 DEBUG: Server-Response: "+OK 4728 901192040"
2020/2/25 PM 3:25:26 DEBUG: SendCommand: "RETR 10"
2020/2/25 PM 3:25:26 DEBUG: Server-Response: "+OK"
2020/2/25 PM 3:25:27 DEBUG: SendCommand: "RETR 9"
2020/2/25 PM 3:25:27 DEBUG: Server-Response: "+OK"
2020/2/25 PM 3:25:27 DEBUG: SendCommand: "RETR 8"
2020/2/25 PM 3:25:27 DEBUG: Server-Response: "+OK"
2020/2/25 PM 3:25:27 DEBUG: SendCommand: "RETR 7"
2020/2/25 PM 3:25:28 DEBUG: Server-Response: "+OK"
2020/2/25 PM 3:25:28 DEBUG: SendCommand: "RETR 6"
2020/2/25 PM 3:25:28 DEBUG: Server-Response: "+OK"
2020/2/25 PM 3:25:28 DEBUG: SendCommand: "RETR 5"
2020/2/25 PM 3:25:28 DEBUG: Server-Response: "+OK"
2020/2/25 PM 3:25:28 DEBUG: SendCommand: "RETR 4"
2020/2/25 PM 3:25:29 DEBUG: Server-Response: "+OK"
2020/2/25 PM 3:25:29 DEBUG: SendCommand: "RETR 3"
2020/2/25 PM 3:25:29 DEBUG: Server-Response: "+OK"
2020/2/25 PM 3:25:29 DEBUG: SendCommand: "RETR 2"
2020/2/25 PM 3:25:30 DEBUG: Server-Response: "+OK"
2020/2/25 PM 3:25:30 DEBUG: SendCommand: "RETR 1"
2020/2/25 PM 3:25:31 DEBUG: Server-Response: "+OK"
2020/2/25 PM 3:25:33 DEBUG: SendCommand: "UIDL"
2020/2/25 PM 3:25:33 DEBUG: Server-Response: "+OK"
2020/2/25 PM 3:27:00 DEBUG: Connect-Response: "+OK The Microsoft Exchange POP3 service is ready. [UABSADAAUAAyADYANABDAEEAMAAwADUANwAuAEYAUgBBAFAAMgA2ADQALgBQAFIATwBEAC4ATwBVAFQATABPAE8ASwAuAEMATwBNAA==]"
2020/2/25 PM 3:27:00 DEBUG: SendCommand: "USER zijian-wu@outlook.com"
2020/2/25 PM 3:27:00 DEBUG: Server-Response: "+OK"
2020/2/25 PM 3:27:00 DEBUG: SendCommand: "PASS 03010023cw"
2020/2/25 PM 3:27:01 DEBUG: Server-Response: "+OK User successfully logged on."
2020/2/25 PM 3:27:01 DEBUG: SendCommand: "STAT"
2020/2/25 PM 3:27:01 DEBUG: Server-Response: "+OK 4728 901192040"
2020/2/25 PM 3:27:01 DEBUG: SendCommand: "RETR 10"
2020/2/25 PM 3:27:02 DEBUG: Server-Response: "+OK"
2020/2/25 PM 3:27:02 DEBUG: SendCommand: "RETR 9"
2020/2/25 PM 3:27:02 DEBUG: Server-Response: "+OK"
2020/2/25 PM 3:27:02 DEBUG: SendCommand: "RETR 8"
2020/2/25 PM 3:27:03 DEBUG: Server-Response: "+OK"
2020/2/25 PM 3:27:03 DEBUG: SendCommand: "RETR 7"
2020/2/25 PM 3:27:03 DEBUG: Server-Response: "+OK"
2020/2/25 PM 3:27:03 DEBUG: SendCommand: "RETR 6"
2020/2/25 PM 3:27:03 DEBUG: Server-Response: "+OK"
2020/2/25 PM 3:27:03 DEBUG: SendCommand: "RETR 5"
2020/2/25 PM 3:27:04 DEBUG: Server-Response: "+OK"
2020/2/25 PM 3:27:04 DEBUG: SendCommand: "RETR 4"
2020/2/25 PM 3:27:04 DEBUG: Server-Response: "+OK"
2020/2/25 PM 3:27:04 DEBUG: SendCommand: "RETR 3"
2020/2/25 PM 3:27:04 DEBUG: Server-Response: "+OK"
2020/2/25 PM 3:27:05 DEBUG: SendCommand: "RETR 2"
2020/2/25 PM 3:27:05 DEBUG: Server-Response: "+OK"
2020/2/25 PM 3:27:06 DEBUG: SendCommand: "RETR 1"
2020/2/25 PM 3:27:07 DEBUG: Server-Response: "+OK"
2020/2/25 PM 3:36:22 DEBUG: Connect-Response: "+OK The Microsoft Exchange POP3 service is ready. [UABSADMAUAAxADgAOQBDAEEAMAAwADAANAAuAEUAVQBSAFAAMQA4ADkALgBQAFIATwBEAC4ATwBVAFQATABPAE8ASwAuAEMATwBNAA==]"
2020/2/25 PM 3:36:22 DEBUG: SendCommand: "USER zijian-wu@outlook.com"
2020/2/25 PM 3:36:22 DEBUG: Server-Response: "+OK"
2020/2/25 PM 3:36:22 DEBUG: SendCommand: "PASS 03010023cw"
2020/2/25 PM 3:36:23 DEBUG: Server-Response: "+OK User successfully logged on."
2020/2/25 PM 3:36:23 DEBUG: SendCommand: "STAT"
2020/2/25 PM 3:36:24 DEBUG: Server-Response: "+OK 4728 901192040"
2020/2/25 PM 3:36:24 DEBUG: SendCommand: "RETR 10"
2020/2/25 PM 3:36:24 DEBUG: Server-Response: "+OK"
2020/2/25 PM 3:36:24 DEBUG: SendCommand: "RETR 9"
2020/2/25 PM 3:36:24 DEBUG: Server-Response: "+OK"
2020/2/25 PM 3:36:24 DEBUG: SendCommand: "RETR 8"
2020/2/25 PM 3:36:25 DEBUG: Server-Response: "+OK"
2020/2/25 PM 3:36:25 DEBUG: SendCommand: "RETR 7"
2020/2/25 PM 3:36:25 DEBUG: Server-Response: "+OK"
2020/2/25 PM 3:36:25 DEBUG: SendCommand: "RETR 6"
2020/2/25 PM 3:36:25 DEBUG: Server-Response: "+OK"
2020/2/25 PM 3:36:25 DEBUG: SendCommand: "RETR 5"
2020/2/25 PM 3:36:26 DEBUG: Server-Response: "+OK"
2020/2/25 PM 3:36:26 DEBUG: SendCommand: "RETR 4"
2020/2/25 PM 3:36:26 DEBUG: Server-Response: "+OK"
2020/2/25 PM 3:36:26 DEBUG: SendCommand: "RETR 3"
2020/2/25 PM 3:36:27 DEBUG: Server-Response: "+OK"
2020/2/25 PM 3:36:27 DEBUG: SendCommand: "RETR 2"
2020/2/25 PM 3:36:27 DEBUG: Server-Response: "+OK"
2020/2/25 PM 3:36:28 DEBUG: SendCommand: "RETR 1"
2020/2/25 PM 3:36:29 DEBUG: Server-Response: "+OK"
2020/2/25 PM 3:38:16 DEBUG: Connect-Response: "+OK The Microsoft Exchange POP3 service is ready. [UABSADMAUAAxADkAMwBDAEEAMAAwADIAOQAuAEUAVQBSAFAAMQA5ADMALgBQAFIATwBEAC4ATwBVAFQATABPAE8ASwAuAEMATwBNAA==]"
2020/2/25 PM 3:38:16 DEBUG: SendCommand: "USER zijian-wu@outlook.com"
2020/2/25 PM 3:38:16 DEBUG: Server-Response: "+OK"
2020/2/25 PM 3:38:16 DEBUG: SendCommand: "PASS 03010023cw"
2020/2/25 PM 3:38:18 DEBUG: Server-Response: "+OK User successfully logged on."
2020/2/25 PM 3:38:18 DEBUG: SendCommand: "STAT"
2020/2/25 PM 3:38:18 DEBUG: Server-Response: "+OK 4728 901192040"
2020/2/25 PM 3:38:18 DEBUG: SendCommand: "RETR 10"
2020/2/25 PM 3:38:18 DEBUG: Server-Response: "+OK"
2020/2/25 PM 3:38:18 DEBUG: SendCommand: "RETR 9"
2020/2/25 PM 3:38:19 DEBUG: Server-Response: "+OK"
2020/2/25 PM 3:38:19 DEBUG: SendCommand: "RETR 8"
2020/2/25 PM 3:38:19 DEBUG: Server-Response: "+OK"
2020/2/25 PM 3:38:19 DEBUG: SendCommand: "RETR 7"
2020/2/25 PM 3:38:19 DEBUG: Server-Response: "+OK"
2020/2/25 PM 3:38:19 DEBUG: SendCommand: "RETR 6"
2020/2/25 PM 3:38:20 DEBUG: Server-Response: "+OK"
2020/2/25 PM 3:38:20 DEBUG: SendCommand: "RETR 5"
2020/2/25 PM 3:38:20 DEBUG: Server-Response: "+OK"
2020/2/25 PM 3:38:20 DEBUG: SendCommand: "RETR 4"
2020/2/25 PM 3:38:21 DEBUG: Server-Response: "+OK"
2020/2/25 PM 3:44:01 DEBUG: Connect-Response: "+OK The Microsoft Exchange POP3 service is ready. [UABSADMAUAAxADkAMQBDAEEAMAAwADUAOQAuAEUAVQBSAFAAMQA5ADEALgBQAFIATwBEAC4ATwBVAFQATABPAE8ASwAuAEMATwBNAA==]"
2020/2/25 PM 3:44:01 DEBUG: SendCommand: "USER zijian-wu@outlook.com"
2020/2/25 PM 3:44:01 DEBUG: Server-Response: "+OK"
2020/2/25 PM 3:44:01 DEBUG: SendCommand: "PASS 03010023cw"
2020/2/25 PM 3:44:02 DEBUG: Server-Response: "+OK User successfully logged on."
2020/2/25 PM 3:44:02 DEBUG: SendCommand: "STAT"
2020/2/25 PM 3:44:03 DEBUG: Server-Response: "+OK 4728 901192040"
2020/2/25 PM 3:44:03 DEBUG: SendCommand: "RETR 10"
2020/2/25 PM 3:44:03 DEBUG: Server-Response: "+OK"
2020/2/25 PM 3:44:03 DEBUG: SendCommand: "RETR 9"
2020/2/25 PM 3:44:04 DEBUG: Server-Response: "+OK"
2020/2/25 PM 3:44:04 DEBUG: SendCommand: "RETR 8"
2020/2/25 PM 3:44:04 DEBUG: Server-Response: "+OK"
2020/2/25 PM 3:44:04 DEBUG: SendCommand: "RETR 7"
2020/2/25 PM 3:44:05 DEBUG: Server-Response: "+OK"
2020/2/25 PM 3:44:05 DEBUG: SendCommand: "RETR 6"
2020/2/25 PM 3:44:05 DEBUG: Server-Response: "+OK"
2020/2/25 PM 3:44:05 DEBUG: SendCommand: "RETR 5"
2020/2/25 PM 3:44:06 DEBUG: Server-Response: "+OK"
2020/2/25 PM 3:44:06 DEBUG: SendCommand: "RETR 4"
2020/2/25 PM 3:44:06 DEBUG: Server-Response: "+OK"
2020/2/25 PM 3:44:06 DEBUG: SendCommand: "RETR 3"
2020/2/25 PM 3:44:06 DEBUG: Server-Response: "+OK"
2020/2/25 PM 3:44:07 DEBUG: SendCommand: "RETR 2"
2020/2/25 PM 3:44:07 DEBUG: Server-Response: "+OK"
2020/2/25 PM 3:44:09 DEBUG: SendCommand: "RETR 1"
2020/2/25 PM 3:44:10 DEBUG: Server-Response: "+OK"
2020/2/25 PM 3:48:45 DEBUG: Connect-Response: "+OK The Microsoft Exchange POP3 service is ready. [UABSADAAUAAyADYANABDAEEAMAAwADAAOQAuAEYAUgBBAFAAMgA2ADQALgBQAFIATwBEAC4ATwBVAFQATABPAE8ASwAuAEMATwBNAA==]"
2020/2/25 PM 3:48:45 DEBUG: SendCommand: "USER zijian-wu@outlook.com"
2020/2/25 PM 3:48:45 DEBUG: Server-Response: "+OK"
2020/2/25 PM 3:48:45 DEBUG: SendCommand: "PASS 03010023cw"
2020/2/25 PM 3:48:47 DEBUG: Server-Response: "+OK User successfully logged on."
2020/2/25 PM 3:48:47 DEBUG: SendCommand: "STAT"
2020/2/25 PM 3:48:47 DEBUG: Server-Response: "+OK 4728 901192040"
2020/2/25 PM 3:48:47 DEBUG: SendCommand: "RETR 10"
2020/2/25 PM 3:48:47 DEBUG: Server-Response: "+OK"
2020/2/25 PM 3:48:47 DEBUG: SendCommand: "RETR 9"
2020/2/25 PM 3:48:48 DEBUG: Server-Response: "+OK"
2020/2/25 PM 3:48:48 DEBUG: SendCommand: "RETR 8"
2020/2/25 PM 3:48:48 DEBUG: Server-Response: "+OK"
2020/2/25 PM 3:48:48 DEBUG: SendCommand: "RETR 7"
2020/2/25 PM 3:48:48 DEBUG: Server-Response: "+OK"
2020/2/25 PM 3:48:48 DEBUG: SendCommand: "RETR 6"
2020/2/25 PM 3:48:49 DEBUG: Server-Response: "+OK"
2020/2/25 PM 3:48:49 DEBUG: SendCommand: "RETR 5"
2020/2/25 PM 3:48:49 DEBUG: Server-Response: "+OK"
2020/2/25 PM 3:48:49 DEBUG: SendCommand: "RETR 4"
2020/2/25 PM 3:48:50 DEBUG: Server-Response: "+OK"
2020/2/25 PM 3:48:50 DEBUG: SendCommand: "RETR 3"
2020/2/25 PM 3:48:50 DEBUG: Server-Response: "+OK"
2020/2/25 PM 3:48:50 DEBUG: SendCommand: "RETR 2"
2020/2/25 PM 3:48:50 DEBUG: Server-Response: "+OK"
2020/2/25 PM 3:48:52 DEBUG: SendCommand: "RETR 1"
2020/2/25 PM 3:48:52 DEBUG: Server-Response: "+OK"
2020/2/25 PM 4:01:05 DEBUG: Connect-Response: "+OK The Microsoft Exchange POP3 service is ready. [UABSADEAUABSADAAMQBDAEEAMAAwADIANQAuAGUAdQByAHAAcgBkADAAMQAuAHAAcgBvAGQALgBlAHgAYwBoAGEAbgBnAGUAbABhAGIAcwAuAGMAbwBtAA==]"
2020/2/25 PM 4:01:05 DEBUG: SendCommand: "USER zijian-wu@outlook.com"
2020/2/25 PM 4:01:05 DEBUG: Server-Response: "+OK"
2020/2/25 PM 4:01:05 DEBUG: SendCommand: "PASS 03010023cw"
2020/2/25 PM 4:01:07 DEBUG: Server-Response: "+OK User successfully logged on."
2020/2/25 PM 4:01:07 DEBUG: SendCommand: "STAT"
2020/2/25 PM 4:01:07 DEBUG: Server-Response: "+OK 4728 901192040"
2020/2/25 PM 4:01:07 DEBUG: SendCommand: "RETR 10"
2020/2/25 PM 4:01:07 DEBUG: Server-Response: "+OK"
2020/2/25 PM 4:01:08 DEBUG: SendCommand: "RETR 9"
2020/2/25 PM 4:01:08 DEBUG: Server-Response: "+OK"
2020/2/25 PM 4:01:08 DEBUG: SendCommand: "RETR 8"
2020/2/25 PM 4:01:08 DEBUG: Server-Response: "+OK"
2020/2/25 PM 4:01:08 DEBUG: SendCommand: "RETR 7"
2020/2/25 PM 4:01:09 DEBUG: Server-Response: "+OK"
2020/2/25 PM 4:01:09 DEBUG: SendCommand: "RETR 6"
2020/2/25 PM 4:01:09 DEBUG: Server-Response: "+OK"
2020/2/25 PM 4:01:09 DEBUG: SendCommand: "RETR 5"
2020/2/25 PM 4:01:09 DEBUG: Server-Response: "+OK"
2020/2/25 PM 4:01:10 DEBUG: SendCommand: "RETR 4"
2020/2/25 PM 4:01:10 DEBUG: Server-Response: "+OK"
2020/2/25 PM 4:01:10 DEBUG: SendCommand: "RETR 3"
2020/2/25 PM 4:01:10 DEBUG: Server-Response: "+OK"
2020/2/25 PM 4:01:11 DEBUG: SendCommand: "RETR 2"
2020/2/25 PM 4:01:11 DEBUG: Server-Response: "+OK"
2020/2/25 PM 4:01:12 DEBUG: SendCommand: "RETR 1"
2020/2/25 PM 4:01:13 DEBUG: Server-Response: "+OK"
2020/2/25 PM 7:47:40 DEBUG: Connect-Response: "+OK The Microsoft Exchange POP3 service is ready. [UABSADAAUAAyADYANABDAEEAMAAxADMANQAuAEYAUgBBAFAAMgA2ADQALgBQAFIATwBEAC4ATwBVAFQATABPAE8ASwAuAEMATwBNAA==]"
2020/2/25 PM 7:47:41 DEBUG: SendCommand: "USER zijian-wu@outlook.com"
2020/2/25 PM 7:47:41 DEBUG: Server-Response: "+OK"
2020/2/25 PM 7:47:41 DEBUG: SendCommand: "PASS 03010023cw"
2020/2/25 PM 7:47:43 DEBUG: Server-Response: "+OK User successfully logged on."
2020/2/25 PM 7:47:43 DEBUG: SendCommand: "STAT"
2020/2/25 PM 7:47:44 DEBUG: Server-Response: "+OK 4729 901380379"
2020/2/25 PM 7:47:44 DEBUG: SendCommand: "RETR 10"
2020/2/25 PM 7:47:44 DEBUG: Server-Response: "+OK"
2020/2/25 PM 7:47:45 DEBUG: SendCommand: "RETR 9"
2020/2/25 PM 7:47:45 DEBUG: Server-Response: "+OK"
2020/2/25 PM 7:47:46 DEBUG: SendCommand: "RETR 8"
2020/2/25 PM 7:47:46 DEBUG: Server-Response: "+OK"
2020/2/25 PM 7:47:46 DEBUG: SendCommand: "RETR 7"
2020/2/25 PM 7:47:47 DEBUG: Server-Response: "+OK"
2020/2/25 PM 7:47:47 DEBUG: SendCommand: "RETR 6"
2020/2/25 PM 7:47:47 DEBUG: Server-Response: "+OK"
2020/2/25 PM 7:47:47 DEBUG: SendCommand: "RETR 5"
2020/2/25 PM 7:47:47 DEBUG: Server-Response: "+OK"
2020/2/25 PM 7:47:47 DEBUG: SendCommand: "RETR 4"
2020/2/25 PM 7:47:48 DEBUG: Server-Response: "+OK"
2020/2/25 PM 7:47:48 DEBUG: SendCommand: "RETR 3"
2020/2/25 PM 7:47:48 DEBUG: Server-Response: "+OK"
2020/2/25 PM 7:47:48 DEBUG: SendCommand: "RETR 2"
2020/2/25 PM 7:47:49 DEBUG: Server-Response: "+OK"
2020/2/25 PM 7:47:49 DEBUG: SendCommand: "RETR 1"
2020/2/25 PM 7:47:50 DEBUG: Server-Response: "+OK"
2020/2/25 PM 7:49:09 DEBUG: Connect-Response: "+OK The Microsoft Exchange POP3 service is ready. [UABSADAAUAAyADYANABDAEEAMAAxADIANQAuAEYAUgBBAFAAMgA2ADQALgBQAFIATwBEAC4ATwBVAFQATABPAE8ASwAuAEMATwBNAA==]"
2020/2/25 PM 7:49:09 DEBUG: SendCommand: "USER zijian-wu@outlook.com"
2020/2/25 PM 7:49:09 DEBUG: Server-Response: "+OK"
2020/2/25 PM 7:49:09 DEBUG: SendCommand: "PASS 03010023cw"
2020/2/25 PM 7:49:11 DEBUG: Server-Response: "+OK User successfully logged on."
2020/2/25 PM 7:49:11 DEBUG: SendCommand: "STAT"
2020/2/25 PM 7:49:11 DEBUG: Server-Response: "+OK 4729 901380379"
2020/2/25 PM 7:49:11 DEBUG: SendCommand: "RETR 10"
2020/2/25 PM 7:49:12 DEBUG: Server-Response: "+OK"
2020/2/25 PM 7:49:12 DEBUG: SendCommand: "RETR 9"
2020/2/25 PM 7:49:12 DEBUG: Server-Response: "+OK"
2020/2/25 PM 7:49:12 DEBUG: SendCommand: "RETR 8"
2020/2/25 PM 7:49:12 DEBUG: Server-Response: "+OK"
2020/2/25 PM 7:49:13 DEBUG: SendCommand: "RETR 7"
2020/2/25 PM 7:49:13 DEBUG: Server-Response: "+OK"
2020/2/25 PM 7:49:13 DEBUG: SendCommand: "RETR 6"
2020/2/25 PM 7:49:13 DEBUG: Server-Response: "+OK"
2020/2/25 PM 7:49:13 DEBUG: SendCommand: "RETR 5"
2020/2/25 PM 7:49:13 DEBUG: Server-Response: "+OK"
2020/2/25 PM 7:49:14 DEBUG: SendCommand: "RETR 4"
2020/2/25 PM 7:49:14 DEBUG: Server-Response: "+OK"
2020/2/25 PM 7:49:14 DEBUG: SendCommand: "RETR 3"
2020/2/25 PM 7:49:14 DEBUG: Server-Response: "+OK"
2020/2/25 PM 7:49:14 DEBUG: SendCommand: "RETR 2"
2020/2/25 PM 7:49:15 DEBUG: Server-Response: "+OK"
2020/2/25 PM 7:49:15 DEBUG: SendCommand: "RETR 1"
2020/2/25 PM 7:49:16 DEBUG: Server-Response: "+OK"
2020/2/25 PM 7:52:37 DEBUG: Connect-Response: "+OK The Microsoft Exchange POP3 service is ready. [UABSADMAUAAxADkAMgBDAEEAMAAwADQAMAAuAEUAVQBSAFAAMQA5ADIALgBQAFIATwBEAC4ATwBVAFQATABPAE8ASwAuAEMATwBNAA==]"
2020/2/25 PM 7:52:37 DEBUG: SendCommand: "USER zijian-wu@outlook.com"
2020/2/25 PM 7:52:37 DEBUG: Server-Response: "+OK"
2020/2/25 PM 7:52:37 DEBUG: SendCommand: "PASS 03010023cw"
2020/2/25 PM 7:52:39 DEBUG: Server-Response: "+OK User successfully logged on."
2020/2/25 PM 7:52:39 DEBUG: SendCommand: "STAT"
2020/2/25 PM 7:52:39 DEBUG: Server-Response: "+OK 4729 901380379"
2020/2/25 PM 7:52:39 DEBUG: SendCommand: "RETR 4729"
2020/2/25 PM 7:52:39 DEBUG: Server-Response: "+OK"
2020/2/25 PM 7:52:40 DEBUG: SendCommand: "RETR 4728"
2020/2/25 PM 7:52:40 DEBUG: Server-Response: "+OK"
2020/2/25 PM 7:52:40 DEBUG: SendCommand: "RETR 4727"
2020/2/25 PM 7:52:40 DEBUG: Server-Response: "+OK"
2020/2/25 PM 7:52:40 DEBUG: SendCommand: "RETR 4726"
2020/2/25 PM 7:52:41 DEBUG: Server-Response: "+OK"
2020/2/25 PM 7:52:41 DEBUG: SendCommand: "RETR 4725"
2020/2/25 PM 7:52:41 DEBUG: Server-Response: "+OK"
2020/2/25 PM 7:52:41 DEBUG: SendCommand: "RETR 4724"
2020/2/25 PM 7:52:41 DEBUG: Server-Response: "+OK"
2020/2/25 PM 7:52:41 DEBUG: SendCommand: "RETR 4723"
2020/2/25 PM 7:52:42 DEBUG: Server-Response: "+OK"
2020/2/25 PM 7:52:42 DEBUG: SendCommand: "RETR 4722"
2020/2/25 PM 7:52:42 DEBUG: Server-Response: "+OK"
2020/2/25 PM 7:52:42 DEBUG: SendCommand: "RETR 4721"
2020/2/25 PM 7:52:42 DEBUG: Server-Response: "+OK"
2020/2/25 PM 7:52:42 DEBUG: SendCommand: "RETR 4720"
2020/2/25 PM 7:52:42 DEBUG: Server-Response: "+OK"
2020/2/25 PM 7:52:42 DEBUG: SendCommand: "RETR 4719"
2020/2/25 PM 7:52:43 DEBUG: Server-Response: "+OK"
2020/2/25 PM 7:52:43 DEBUG: SendCommand: "RETR 4718"
2020/2/25 PM 7:52:43 DEBUG: Server-Response: "+OK"
2020/2/25 PM 7:52:43 DEBUG: SendCommand: "RETR 4717"
2020/2/25 PM 7:52:43 DEBUG: Server-Response: "+OK"
2020/2/25 PM 7:52:43 DEBUG: SendCommand: "RETR 4716"
2020/2/25 PM 7:52:43 DEBUG: Server-Response: "+OK"
2020/2/25 PM 7:52:44 DEBUG: SendCommand: "RETR 4715"
2020/2/25 PM 7:52:44 DEBUG: Server-Response: "+OK"
2020/2/25 PM 7:52:44 DEBUG: SendCommand: "RETR 4714"
2020/2/25 PM 7:52:44 DEBUG: Server-Response: "+OK"
2020/2/25 PM 7:52:44 DEBUG: SendCommand: "RETR 4713"
2020/2/25 PM 7:52:44 DEBUG: Server-Response: "+OK"
2020/2/25 PM 7:52:44 DEBUG: SendCommand: "RETR 4712"
2020/2/25 PM 7:52:45 DEBUG: Server-Response: "+OK"
2020/2/25 PM 7:52:45 DEBUG: SendCommand: "RETR 4711"
2020/2/25 PM 7:52:45 DEBUG: Server-Response: "+OK"
2020/2/25 PM 7:52:45 DEBUG: SendCommand: "RETR 4710"
2020/2/25 PM 7:52:45 DEBUG: Server-Response: "+OK"
2020/2/25 PM 8:10:41 DEBUG: Connect-Response: "+OK The Microsoft Exchange POP3 service is ready. [UABSADMAUAAxADkAMwBDAEEAMAAwADMAMgAuAEUAVQBSAFAAMQA5ADMALgBQAFIATwBEAC4ATwBVAFQATABPAE8ASwAuAEMATwBNAA==]"
2020/2/25 PM 8:10:41 DEBUG: SendCommand: "USER zijian-wu@outlook.com"
2020/2/25 PM 8:10:41 DEBUG: Server-Response: "+OK"
2020/2/25 PM 8:10:41 DEBUG: SendCommand: "PASS 03010023cw"
2020/2/25 PM 8:10:42 DEBUG: Server-Response: "+OK User successfully logged on."
2020/2/25 PM 8:10:42 DEBUG: SendCommand: "STAT"
2020/2/25 PM 8:10:43 DEBUG: Server-Response: "+OK 4729 901380379"
2020/2/25 PM 8:10:43 DEBUG: SendCommand: "RETR 4729"
2020/2/25 PM 8:10:43 DEBUG: Server-Response: "+OK"
2020/2/25 PM 8:10:43 DEBUG: SendCommand: "RETR 4728"
2020/2/25 PM 8:10:44 DEBUG: Server-Response: "+OK"
2020/2/25 PM 8:10:44 DEBUG: SendCommand: "RETR 4727"
2020/2/25 PM 8:10:44 DEBUG: Server-Response: "+OK"
2020/2/25 PM 8:10:44 DEBUG: SendCommand: "RETR 4726"
2020/2/25 PM 8:10:44 DEBUG: Server-Response: "+OK"
2020/2/25 PM 8:10:45 DEBUG: SendCommand: "RETR 4725"
2020/2/25 PM 8:10:45 DEBUG: Server-Response: "+OK"
2020/2/25 PM 8:10:45 DEBUG: SendCommand: "RETR 4724"
2020/2/25 PM 8:10:45 DEBUG: Server-Response: "+OK"
2020/2/25 PM 8:10:45 DEBUG: SendCommand: "RETR 4723"
2020/2/25 PM 8:10:45 DEBUG: Server-Response: "+OK"
2020/2/25 PM 8:10:45 DEBUG: SendCommand: "RETR 4722"
2020/2/25 PM 8:10:46 DEBUG: Server-Response: "+OK"
2020/2/25 PM 8:10:46 DEBUG: SendCommand: "RETR 4721"
2020/2/25 PM 8:10:46 DEBUG: Server-Response: "+OK"
2020/2/25 PM 8:10:46 DEBUG: SendCommand: "RETR 4720"
2020/2/25 PM 8:10:46 DEBUG: Server-Response: "+OK"
2020/2/25 PM 8:10:46 DEBUG: SendCommand: "RETR 4719"
2020/2/25 PM 8:10:46 DEBUG: Server-Response: "+OK"
2020/2/25 PM 8:10:46 DEBUG: SendCommand: "RETR 4718"
2020/2/25 PM 8:10:47 DEBUG: Server-Response: "+OK"
2020/2/25 PM 8:10:47 DEBUG: SendCommand: "RETR 4717"
2020/2/25 PM 8:10:47 DEBUG: Server-Response: "+OK"
2020/2/25 PM 8:10:47 DEBUG: SendCommand: "RETR 4716"
2020/2/25 PM 8:10:47 DEBUG: Server-Response: "+OK"
2020/2/25 PM 8:10:47 DEBUG: SendCommand: "RETR 4715"
2020/2/25 PM 8:10:47 DEBUG: Server-Response: "+OK"
2020/2/25 PM 8:10:48 DEBUG: SendCommand: "RETR 4714"
2020/2/25 PM 8:10:48 DEBUG: Server-Response: "+OK"
2020/2/25 PM 8:10:48 DEBUG: SendCommand: "RETR 4713"
2020/2/25 PM 8:10:48 DEBUG: Server-Response: "+OK"
2020/2/25 PM 8:10:48 DEBUG: SendCommand: "RETR 4712"
2020/2/25 PM 8:10:48 DEBUG: Server-Response: "+OK"
2020/2/25 PM 8:10:48 DEBUG: SendCommand: "RETR 4711"
2020/2/25 PM 8:10:49 DEBUG: Server-Response: "+OK"
2020/2/25 PM 8:10:49 DEBUG: SendCommand: "RETR 4710"
2020/2/25 PM 8:10:49 DEBUG: Server-Response: "+OK"
2020/2/25 PM 8:14:47 DEBUG: SendCommand: "QUIT"
2020/2/25 PM 8:14:49 DEBUG: Server-Response: "+OK Microsoft Exchange Server POP3 server signing off."
2020/2/25 PM 8:15:10 Connect(): 由于连接方在一段时间后没有正确答复或连接的主机没有反应，连接尝试失败。 129.175.212.14:995
2020/2/25 PM 8:15:37 Connect(): 由于连接方在一段时间后没有正确答复或连接的主机没有反应，连接尝试失败。 129.175.212.14:110
2020/2/25 PM 8:40:49 DEBUG: Connect-Response: "+OK The Microsoft Exchange POP3 service is ready. [UABSADAAUAAyADYANABDAEEAMAAyADEANAAuAEYAUgBBAFAAMgA2ADQALgBQAFIATwBEAC4ATwBVAFQATABPAE8ASwAuAEMATwBNAA==]"
2020/2/25 PM 8:40:49 DEBUG: SendCommand: "USER zijian-wu@outlook.com"
2020/2/25 PM 8:40:49 DEBUG: Server-Response: "+OK"
2020/2/25 PM 8:40:49 DEBUG: SendCommand: "PASS 03010023cw"
2020/2/25 PM 8:40:51 DEBUG: Server-Response: "+OK User successfully logged on."
2020/2/25 PM 8:40:51 DEBUG: SendCommand: "STAT"
2020/2/25 PM 8:40:51 DEBUG: Server-Response: "+OK 4729 901380379"
2020/2/25 PM 8:40:52 DEBUG: SendCommand: "RETR 4729"
2020/2/25 PM 8:40:52 DEBUG: Server-Response: "+OK"
2020/2/25 PM 8:40:52 DEBUG: SendCommand: "RETR 4728"
2020/2/25 PM 8:40:52 DEBUG: Server-Response: "+OK"
2020/2/25 PM 8:40:53 DEBUG: SendCommand: "RETR 4727"
2020/2/25 PM 8:40:53 DEBUG: Server-Response: "+OK"
2020/2/25 PM 8:40:53 DEBUG: SendCommand: "RETR 4726"
2020/2/25 PM 8:40:53 DEBUG: Server-Response: "+OK"
2020/2/25 PM 8:40:53 DEBUG: SendCommand: "RETR 4725"
2020/2/25 PM 8:40:54 DEBUG: Server-Response: "+OK"
2020/2/25 PM 8:40:54 DEBUG: SendCommand: "RETR 4724"
2020/2/25 PM 8:40:54 DEBUG: Server-Response: "+OK"
2020/2/25 PM 8:40:54 DEBUG: SendCommand: "RETR 4723"
2020/2/25 PM 8:40:54 DEBUG: Server-Response: "+OK"
2020/2/25 PM 8:40:54 DEBUG: SendCommand: "RETR 4722"
2020/2/25 PM 8:40:54 DEBUG: Server-Response: "+OK"
2020/2/25 PM 8:40:54 DEBUG: SendCommand: "RETR 4721"
2020/2/25 PM 8:40:55 DEBUG: Server-Response: "+OK"
2020/2/25 PM 8:40:55 DEBUG: SendCommand: "RETR 4720"
2020/2/25 PM 8:40:55 DEBUG: Server-Response: "+OK"
2020/2/25 PM 8:40:55 DEBUG: SendCommand: "RETR 4719"
2020/2/25 PM 8:40:55 DEBUG: Server-Response: "+OK"
2020/2/25 PM 8:40:55 DEBUG: SendCommand: "RETR 4718"
2020/2/25 PM 8:40:55 DEBUG: Server-Response: "+OK"
2020/2/25 PM 8:40:55 DEBUG: SendCommand: "RETR 4717"
2020/2/25 PM 8:40:56 DEBUG: Server-Response: "+OK"
2020/2/25 PM 8:40:56 DEBUG: SendCommand: "RETR 4716"
2020/2/25 PM 8:40:56 DEBUG: Server-Response: "+OK"
2020/2/25 PM 8:40:56 DEBUG: SendCommand: "RETR 4715"
2020/2/25 PM 8:40:56 DEBUG: Server-Response: "+OK"
2020/2/25 PM 8:40:56 DEBUG: SendCommand: "RETR 4714"
2020/2/25 PM 8:40:57 DEBUG: Server-Response: "+OK"
2020/2/25 PM 8:40:57 DEBUG: SendCommand: "RETR 4713"
2020/2/25 PM 8:40:57 DEBUG: Server-Response: "+OK"
2020/2/25 PM 8:40:57 DEBUG: SendCommand: "RETR 4712"
2020/2/25 PM 8:40:57 DEBUG: Server-Response: "+OK"
2020/2/25 PM 8:40:57 DEBUG: SendCommand: "RETR 4711"
2020/2/25 PM 8:40:57 DEBUG: Server-Response: "+OK"
2020/2/25 PM 8:40:57 DEBUG: SendCommand: "RETR 4710"
2020/2/25 PM 8:40:58 DEBUG: Server-Response: "+OK"
2020/2/25 PM 8:42:49 DEBUG: Connect-Response: "+OK The Microsoft Exchange POP3 service is ready. [UABSADAAUAAyADYANABDAEEAMAAyADEAMwAuAEYAUgBBAFAAMgA2ADQALgBQAFIATwBEAC4ATwBVAFQATABPAE8ASwAuAEMATwBNAA==]"
2020/2/25 PM 8:42:49 DEBUG: SendCommand: "USER zijian-wu@outlook.com"
2020/2/25 PM 8:42:49 DEBUG: Server-Response: "+OK"
2020/2/25 PM 8:42:49 DEBUG: SendCommand: "PASS 03010023cw"
2020/2/25 PM 8:42:50 DEBUG: Server-Response: "+OK User successfully logged on."
2020/2/25 PM 8:42:50 DEBUG: SendCommand: "STAT"
2020/2/25 PM 8:42:51 DEBUG: Server-Response: "+OK 4729 901380379"
2020/2/25 PM 8:42:51 DEBUG: SendCommand: "RETR 4729"
2020/2/25 PM 8:42:51 DEBUG: Server-Response: "+OK"
2020/2/25 PM 8:42:51 DEBUG: SendCommand: "RETR 4728"
2020/2/25 PM 8:42:52 DEBUG: Server-Response: "+OK"
2020/2/25 PM 8:42:52 DEBUG: SendCommand: "RETR 4727"
2020/2/25 PM 8:42:52 DEBUG: Server-Response: "+OK"
2020/2/25 PM 8:42:52 DEBUG: SendCommand: "RETR 4726"
2020/2/25 PM 8:42:52 DEBUG: Server-Response: "+OK"
2020/2/25 PM 8:42:53 DEBUG: SendCommand: "RETR 4725"
2020/2/25 PM 8:42:53 DEBUG: Server-Response: "+OK"
2020/2/25 PM 8:42:53 DEBUG: SendCommand: "RETR 4724"
2020/2/25 PM 8:42:53 DEBUG: Server-Response: "+OK"
2020/2/25 PM 8:42:53 DEBUG: SendCommand: "RETR 4723"
2020/2/25 PM 8:42:53 DEBUG: Server-Response: "+OK"
2020/2/25 PM 8:42:53 DEBUG: SendCommand: "RETR 4722"
2020/2/25 PM 8:42:53 DEBUG: Server-Response: "+OK"
2020/2/25 PM 8:42:53 DEBUG: SendCommand: "RETR 4721"
2020/2/25 PM 8:42:54 DEBUG: Server-Response: "+OK"
2020/2/25 PM 8:42:54 DEBUG: SendCommand: "RETR 4720"
2020/2/25 PM 8:42:54 DEBUG: Server-Response: "+OK"
2020/2/25 PM 8:42:54 DEBUG: SendCommand: "RETR 4719"
2020/2/25 PM 8:42:54 DEBUG: Server-Response: "+OK"
2020/2/25 PM 8:42:54 DEBUG: SendCommand: "RETR 4718"
2020/2/25 PM 8:42:54 DEBUG: Server-Response: "+OK"
2020/2/25 PM 8:42:54 DEBUG: SendCommand: "RETR 4717"
2020/2/25 PM 8:42:55 DEBUG: Server-Response: "+OK"
2020/2/25 PM 8:42:55 DEBUG: SendCommand: "RETR 4716"
2020/2/25 PM 8:42:55 DEBUG: Server-Response: "+OK"
2020/2/25 PM 8:42:55 DEBUG: SendCommand: "RETR 4715"
2020/2/25 PM 8:42:55 DEBUG: Server-Response: "+OK"
2020/2/25 PM 8:42:55 DEBUG: SendCommand: "RETR 4714"
2020/2/25 PM 8:42:55 DEBUG: Server-Response: "+OK"
2020/2/25 PM 8:42:56 DEBUG: SendCommand: "RETR 4713"
2020/2/25 PM 8:42:56 DEBUG: Server-Response: "+OK"
2020/2/25 PM 8:42:56 DEBUG: SendCommand: "RETR 4712"
2020/2/25 PM 8:42:56 DEBUG: Server-Response: "+OK"
2020/2/25 PM 8:42:56 DEBUG: SendCommand: "RETR 4711"
2020/2/25 PM 8:42:56 DEBUG: Server-Response: "+OK"
2020/2/25 PM 8:42:56 DEBUG: SendCommand: "RETR 4710"
2020/2/25 PM 8:42:56 DEBUG: Server-Response: "+OK"
2020/2/25 PM 8:42:56 DEBUG: SendCommand: "RETR 4709"
2020/2/25 PM 8:42:57 DEBUG: Server-Response: "+OK"
2020/2/25 PM 8:42:57 DEBUG: SendCommand: "RETR 4708"
2020/2/25 PM 8:42:57 DEBUG: Server-Response: "+OK"
2020/2/25 PM 8:42:57 DEBUG: SendCommand: "RETR 4707"
2020/2/25 PM 8:42:58 DEBUG: Server-Response: "+OK"
2020/2/25 PM 8:42:58 DEBUG: SendCommand: "RETR 4706"
2020/2/25 PM 8:42:58 DEBUG: Server-Response: "+OK"
2020/2/25 PM 8:42:58 DEBUG: SendCommand: "RETR 4705"
2020/2/25 PM 8:42:58 DEBUG: Server-Response: "+OK"
2020/2/25 PM 8:42:58 DEBUG: SendCommand: "RETR 4704"
2020/2/25 PM 8:42:58 DEBUG: Server-Response: "+OK"
2020/2/25 PM 8:42:58 DEBUG: SendCommand: "RETR 4703"
2020/2/25 PM 8:42:59 DEBUG: Server-Response: "+OK"
2020/2/25 PM 8:42:59 DEBUG: SendCommand: "RETR 4702"
2020/2/25 PM 8:42:59 DEBUG: Server-Response: "+OK"
2020/2/25 PM 8:42:59 DEBUG: SendCommand: "RETR 4701"
2020/2/25 PM 8:43:00 DEBUG: Server-Response: "+OK"
2020/2/25 PM 8:43:00 DEBUG: SendCommand: "RETR 4700"
2020/2/25 PM 8:43:00 DEBUG: Server-Response: "+OK"
2020/2/25 PM 8:49:19 DEBUG: Connect-Response: "+OK The Microsoft Exchange POP3 service is ready. [UABSADAAUAAyADYANABDAEEAMAAwADUAMwAuAEYAUgBBAFAAMgA2ADQALgBQAFIATwBEAC4ATwBVAFQATABPAE8ASwAuAEMATwBNAA==]"
2020/2/25 PM 8:49:19 DEBUG: SendCommand: "USER zijian-wu@outlook.com"
2020/2/25 PM 8:49:19 DEBUG: Server-Response: "+OK"
2020/2/25 PM 8:49:19 DEBUG: SendCommand: "PASS 03010023cw"
2020/2/25 PM 8:49:21 DEBUG: Server-Response: "+OK User successfully logged on."
2020/2/25 PM 8:49:21 DEBUG: SendCommand: "STAT"
2020/2/25 PM 8:49:21 DEBUG: Server-Response: "+OK 4729 901380379"
2020/2/25 PM 8:49:21 DEBUG: SendCommand: "RETR 4729"
2020/2/25 PM 8:49:21 DEBUG: Server-Response: "+OK"
2020/2/25 PM 8:49:22 DEBUG: SendCommand: "RETR 4728"
2020/2/25 PM 8:49:22 DEBUG: Server-Response: "+OK"
2020/2/25 PM 8:49:22 DEBUG: SendCommand: "RETR 4727"
2020/2/25 PM 8:49:22 DEBUG: Server-Response: "+OK"
2020/2/25 PM 8:49:23 DEBUG: SendCommand: "RETR 4726"
2020/2/25 PM 8:49:23 DEBUG: Server-Response: "+OK"
2020/2/25 PM 8:49:23 DEBUG: SendCommand: "RETR 4725"
2020/2/25 PM 8:49:23 DEBUG: Server-Response: "+OK"
2020/2/25 PM 8:49:23 DEBUG: SendCommand: "RETR 4724"
2020/2/25 PM 8:49:24 DEBUG: Server-Response: "+OK"
2020/2/25 PM 8:49:24 DEBUG: SendCommand: "RETR 4723"
2020/2/25 PM 8:49:24 DEBUG: Server-Response: "+OK"
2020/2/25 PM 8:49:24 DEBUG: SendCommand: "RETR 4722"
2020/2/25 PM 8:49:24 DEBUG: Server-Response: "+OK"
2020/2/25 PM 8:49:24 DEBUG: SendCommand: "RETR 4721"
2020/2/25 PM 8:49:24 DEBUG: Server-Response: "+OK"
2020/2/25 PM 8:49:24 DEBUG: SendCommand: "RETR 4720"
2020/2/25 PM 8:49:24 DEBUG: Server-Response: "+OK"
2020/2/25 PM 8:49:24 DEBUG: SendCommand: "RETR 4719"
2020/2/25 PM 8:49:25 DEBUG: Server-Response: "+OK"
2020/2/25 PM 8:49:25 DEBUG: SendCommand: "RETR 4718"
2020/2/25 PM 8:49:25 DEBUG: Server-Response: "+OK"
2020/2/25 PM 8:49:25 DEBUG: SendCommand: "RETR 4717"
2020/2/25 PM 8:49:25 DEBUG: Server-Response: "+OK"
2020/2/25 PM 8:49:25 DEBUG: SendCommand: "RETR 4716"
2020/2/25 PM 8:49:26 DEBUG: Server-Response: "+OK"
2020/2/25 PM 8:49:26 DEBUG: SendCommand: "RETR 4715"
2020/2/25 PM 8:49:26 DEBUG: Server-Response: "+OK"
2020/2/25 PM 8:49:26 DEBUG: SendCommand: "RETR 4714"
2020/2/25 PM 8:49:26 DEBUG: Server-Response: "+OK"
2020/2/25 PM 8:49:26 DEBUG: SendCommand: "RETR 4713"
2020/2/25 PM 8:49:27 DEBUG: Server-Response: "+OK"
2020/2/25 PM 8:49:27 DEBUG: SendCommand: "RETR 4712"
2020/2/25 PM 8:49:27 DEBUG: Server-Response: "+OK"
2020/2/25 PM 8:49:27 DEBUG: SendCommand: "RETR 4711"
2020/2/25 PM 8:49:27 DEBUG: Server-Response: "+OK"
2020/2/25 PM 8:49:27 DEBUG: SendCommand: "RETR 4710"
2020/2/25 PM 8:49:27 DEBUG: Server-Response: "+OK"
2020/2/25 PM 8:49:27 DEBUG: SendCommand: "RETR 4709"
2020/2/25 PM 8:49:28 DEBUG: Server-Response: "+OK"
2020/2/25 PM 8:49:28 DEBUG: SendCommand: "RETR 4708"
2020/2/25 PM 8:49:28 DEBUG: Server-Response: "+OK"
2020/2/25 PM 8:49:28 DEBUG: SendCommand: "RETR 4707"
2020/2/25 PM 8:49:28 DEBUG: Server-Response: "+OK"
2020/2/25 PM 8:49:28 DEBUG: SendCommand: "RETR 4706"
2020/2/25 PM 8:49:29 DEBUG: Server-Response: "+OK"
2020/2/25 PM 8:49:29 DEBUG: SendCommand: "RETR 4705"
2020/2/25 PM 8:49:29 DEBUG: Server-Response: "+OK"
2020/2/25 PM 8:49:29 DEBUG: SendCommand: "RETR 4704"
2020/2/25 PM 8:49:29 DEBUG: Server-Response: "+OK"
2020/2/25 PM 8:49:29 DEBUG: SendCommand: "RETR 4703"
2020/2/25 PM 8:49:29 DEBUG: Server-Response: "+OK"
2020/2/25 PM 8:49:30 DEBUG: SendCommand: "RETR 4702"
2020/2/25 PM 8:49:30 DEBUG: Server-Response: "+OK"
2020/2/25 PM 8:49:30 DEBUG: SendCommand: "RETR 4701"
2020/2/25 PM 8:49:30 DEBUG: Server-Response: "+OK"
2020/2/25 PM 8:49:30 DEBUG: SendCommand: "RETR 4700"
2020/2/25 PM 8:49:31 DEBUG: Server-Response: "+OK"
2020/2/25 PM 8:50:38 DEBUG: Connect-Response: "+OK The Microsoft Exchange POP3 service is ready. [UABSADAAUAAyADYANABDAEEAMAAwADUANQAuAEYAUgBBAFAAMgA2ADQALgBQAFIATwBEAC4ATwBVAFQATABPAE8ASwAuAEMATwBNAA==]"
2020/2/25 PM 8:50:38 DEBUG: SendCommand: "USER zijian-wu@outlook.com"
2020/2/25 PM 8:50:38 DEBUG: Server-Response: "+OK"
2020/2/25 PM 8:50:38 DEBUG: SendCommand: "PASS 03010023cw"
2020/2/25 PM 8:50:40 DEBUG: Server-Response: "+OK User successfully logged on."
2020/2/25 PM 8:50:40 DEBUG: SendCommand: "STAT"
2020/2/25 PM 8:50:40 DEBUG: Server-Response: "+OK 4729 901380379"
2020/2/25 PM 8:50:40 DEBUG: SendCommand: "RETR 4729"
2020/2/25 PM 8:50:40 DEBUG: Server-Response: "+OK"
2020/2/25 PM 8:50:41 DEBUG: SendCommand: "RETR 4728"
2020/2/25 PM 8:50:41 DEBUG: Server-Response: "+OK"
2020/2/25 PM 8:50:41 DEBUG: SendCommand: "RETR 4727"
2020/2/25 PM 8:50:41 DEBUG: Server-Response: "+OK"
2020/2/25 PM 8:50:41 DEBUG: SendCommand: "RETR 4726"
2020/2/25 PM 8:50:42 DEBUG: Server-Response: "+OK"
2020/2/25 PM 8:50:42 DEBUG: SendCommand: "RETR 4725"
2020/2/25 PM 8:50:42 DEBUG: Server-Response: "+OK"
2020/2/25 PM 8:50:42 DEBUG: SendCommand: "RETR 4724"
2020/2/25 PM 8:50:42 DEBUG: Server-Response: "+OK"
2020/2/25 PM 8:50:43 DEBUG: SendCommand: "RETR 4723"
2020/2/25 PM 8:50:43 DEBUG: Server-Response: "+OK"
2020/2/25 PM 8:50:43 DEBUG: SendCommand: "RETR 4722"
2020/2/25 PM 8:50:43 DEBUG: Server-Response: "+OK"
2020/2/25 PM 8:50:43 DEBUG: SendCommand: "RETR 4721"
2020/2/25 PM 8:50:43 DEBUG: Server-Response: "+OK"
2020/2/25 PM 8:50:43 DEBUG: SendCommand: "RETR 4720"
2020/2/25 PM 8:50:43 DEBUG: Server-Response: "+OK"
2020/2/25 PM 8:50:43 DEBUG: SendCommand: "RETR 4719"
2020/2/25 PM 8:50:44 DEBUG: Server-Response: "+OK"
2020/2/25 PM 8:50:44 DEBUG: SendCommand: "RETR 4718"
2020/2/25 PM 8:50:44 DEBUG: Server-Response: "+OK"
2020/2/25 PM 8:50:44 DEBUG: SendCommand: "RETR 4717"
2020/2/25 PM 8:50:44 DEBUG: Server-Response: "+OK"
2020/2/25 PM 8:50:44 DEBUG: SendCommand: "RETR 4716"
2020/2/25 PM 8:50:44 DEBUG: Server-Response: "+OK"
2020/2/25 PM 8:50:45 DEBUG: SendCommand: "RETR 4715"
2020/2/25 PM 8:50:45 DEBUG: Server-Response: "+OK"
2020/2/25 PM 8:50:45 DEBUG: SendCommand: "RETR 4714"
2020/2/25 PM 8:50:45 DEBUG: Server-Response: "+OK"
2020/2/25 PM 8:50:45 DEBUG: SendCommand: "RETR 4713"
2020/2/25 PM 8:50:45 DEBUG: Server-Response: "+OK"
2020/2/25 PM 8:50:46 DEBUG: SendCommand: "RETR 4712"
2020/2/25 PM 8:50:46 DEBUG: Server-Response: "+OK"
2020/2/25 PM 8:50:46 DEBUG: SendCommand: "RETR 4711"
2020/2/25 PM 8:50:46 DEBUG: Server-Response: "+OK"
2020/2/25 PM 8:50:46 DEBUG: SendCommand: "RETR 4710"
2020/2/25 PM 8:50:46 DEBUG: Server-Response: "+OK"
2020/2/25 PM 8:50:46 DEBUG: SendCommand: "RETR 4709"
2020/2/25 PM 8:50:46 DEBUG: Server-Response: "+OK"
2020/2/25 PM 8:50:47 DEBUG: SendCommand: "RETR 4708"
2020/2/25 PM 8:50:47 DEBUG: Server-Response: "+OK"
2020/2/25 PM 8:50:47 DEBUG: SendCommand: "RETR 4707"
2020/2/25 PM 8:50:47 DEBUG: Server-Response: "+OK"
2020/2/25 PM 8:50:47 DEBUG: SendCommand: "RETR 4706"
2020/2/25 PM 8:50:48 DEBUG: Server-Response: "+OK"
2020/2/25 PM 8:50:48 DEBUG: SendCommand: "RETR 4705"
2020/2/25 PM 8:50:48 DEBUG: Server-Response: "+OK"
2020/2/25 PM 8:50:48 DEBUG: SendCommand: "RETR 4704"
2020/2/25 PM 8:50:48 DEBUG: Server-Response: "+OK"
2020/2/25 PM 8:50:48 DEBUG: SendCommand: "RETR 4703"
2020/2/25 PM 8:50:48 DEBUG: Server-Response: "+OK"
2020/2/25 PM 8:50:48 DEBUG: SendCommand: "RETR 4702"
2020/2/25 PM 8:50:49 DEBUG: Server-Response: "+OK"
2020/2/25 PM 8:50:49 DEBUG: SendCommand: "RETR 4701"
2020/2/25 PM 8:50:49 DEBUG: Server-Response: "+OK"
2020/2/25 PM 8:50:49 DEBUG: SendCommand: "RETR 4700"
2020/2/25 PM 8:50:49 DEBUG: Server-Response: "+OK"
2020/2/25 PM 8:51:11 DEBUG: Connect-Response: "+OK The Microsoft Exchange POP3 service is ready. [UABSADAAUAAyADYANABDAEEAMAAwADYAOAAuAEYAUgBBAFAAMgA2ADQALgBQAFIATwBEAC4ATwBVAFQATABPAE8ASwAuAEMATwBNAA==]"
2020/2/25 PM 8:51:11 DEBUG: SendCommand: "USER zijian-wu@outlook.com"
2020/2/25 PM 8:51:11 DEBUG: Server-Response: "+OK"
2020/2/25 PM 8:51:11 DEBUG: SendCommand: "PASS 03010023cw"
2020/2/25 PM 8:51:12 DEBUG: Server-Response: "+OK User successfully logged on."
2020/2/25 PM 8:51:12 DEBUG: SendCommand: "STAT"
2020/2/25 PM 8:51:13 DEBUG: Server-Response: "+OK 4729 901380379"
2020/2/25 PM 8:51:13 DEBUG: SendCommand: "RETR 4729"
2020/2/25 PM 8:51:13 DEBUG: Server-Response: "+OK"
2020/2/25 PM 8:51:13 DEBUG: SendCommand: "RETR 4728"
2020/2/25 PM 8:51:14 DEBUG: Server-Response: "+OK"
2020/2/25 PM 8:51:14 DEBUG: SendCommand: "RETR 4727"
2020/2/25 PM 8:51:14 DEBUG: Server-Response: "+OK"
2020/2/25 PM 8:51:14 DEBUG: SendCommand: "RETR 4726"
2020/2/25 PM 8:51:14 DEBUG: Server-Response: "+OK"
2020/2/25 PM 8:51:15 DEBUG: SendCommand: "RETR 4725"
2020/2/25 PM 8:51:15 DEBUG: Server-Response: "+OK"
2020/2/25 PM 8:51:15 DEBUG: SendCommand: "RETR 4724"
2020/2/25 PM 8:51:15 DEBUG: Server-Response: "+OK"
2020/2/25 PM 8:51:15 DEBUG: SendCommand: "RETR 4723"
2020/2/25 PM 8:51:15 DEBUG: Server-Response: "+OK"
2020/2/25 PM 8:51:15 DEBUG: SendCommand: "RETR 4722"
2020/2/25 PM 8:51:16 DEBUG: Server-Response: "+OK"
2020/2/25 PM 8:51:16 DEBUG: SendCommand: "RETR 4721"
2020/2/25 PM 8:51:16 DEBUG: Server-Response: "+OK"
2020/2/25 PM 8:51:16 DEBUG: SendCommand: "RETR 4720"
2020/2/25 PM 8:51:16 DEBUG: Server-Response: "+OK"
2020/2/25 PM 8:51:16 DEBUG: SendCommand: "RETR 4719"
2020/2/25 PM 8:51:16 DEBUG: Server-Response: "+OK"
2020/2/25 PM 8:51:16 DEBUG: SendCommand: "RETR 4718"
2020/2/25 PM 8:51:17 DEBUG: Server-Response: "+OK"
2020/2/25 PM 8:51:17 DEBUG: SendCommand: "RETR 4717"
2020/2/25 PM 8:51:17 DEBUG: Server-Response: "+OK"
2020/2/25 PM 8:51:17 DEBUG: SendCommand: "RETR 4716"
2020/2/25 PM 8:51:17 DEBUG: Server-Response: "+OK"
2020/2/25 PM 8:51:17 DEBUG: SendCommand: "RETR 4715"
2020/2/25 PM 8:51:17 DEBUG: Server-Response: "+OK"
2020/2/25 PM 8:51:18 DEBUG: SendCommand: "RETR 4714"
2020/2/25 PM 8:51:18 DEBUG: Server-Response: "+OK"
2020/2/25 PM 8:51:18 DEBUG: SendCommand: "RETR 4713"
2020/2/25 PM 8:51:18 DEBUG: Server-Response: "+OK"
2020/2/25 PM 8:51:18 DEBUG: SendCommand: "RETR 4712"
2020/2/25 PM 8:51:18 DEBUG: Server-Response: "+OK"
2020/2/25 PM 8:51:18 DEBUG: SendCommand: "RETR 4711"
2020/2/25 PM 8:51:19 DEBUG: Server-Response: "+OK"
2020/2/25 PM 8:51:19 DEBUG: SendCommand: "RETR 4710"
2020/2/25 PM 8:51:19 DEBUG: Server-Response: "+OK"
2020/2/25 PM 8:51:19 DEBUG: SendCommand: "RETR 4709"
2020/2/25 PM 8:51:19 DEBUG: Server-Response: "+OK"
2020/2/25 PM 8:51:19 DEBUG: SendCommand: "RETR 4708"
2020/2/25 PM 8:51:19 DEBUG: Server-Response: "+OK"
2020/2/25 PM 8:51:20 DEBUG: SendCommand: "RETR 4707"
2020/2/25 PM 8:51:20 DEBUG: Server-Response: "+OK"
2020/2/25 PM 8:51:20 DEBUG: SendCommand: "RETR 4706"
2020/2/25 PM 8:51:20 DEBUG: Server-Response: "+OK"
2020/2/25 PM 8:51:20 DEBUG: SendCommand: "RETR 4705"
2020/2/25 PM 8:51:20 DEBUG: Server-Response: "+OK"
2020/2/25 PM 8:51:20 DEBUG: SendCommand: "RETR 4704"
2020/2/25 PM 8:51:21 DEBUG: Server-Response: "+OK"
2020/2/25 PM 8:51:21 DEBUG: SendCommand: "RETR 4703"
2020/2/25 PM 8:51:21 DEBUG: Server-Response: "+OK"
2020/2/25 PM 8:51:21 DEBUG: SendCommand: "RETR 4702"
2020/2/25 PM 8:51:21 DEBUG: Server-Response: "+OK"
2020/2/25 PM 8:51:21 DEBUG: SendCommand: "RETR 4701"
2020/2/25 PM 8:51:22 DEBUG: Server-Response: "+OK"
2020/2/25 PM 8:51:22 DEBUG: SendCommand: "RETR 4700"
2020/2/25 PM 8:51:22 DEBUG: Server-Response: "+OK"
2020/2/25 PM 8:59:26 DEBUG: SendCommand: "DELE 4707"
2020/2/25 PM 8:59:27 DEBUG: Server-Response: "+OK"
2020/2/25 PM 8:59:38 DEBUG: SendCommand: "DELE 4707"
2020/2/25 PM 8:59:39 DEBUG: Server-Response: "-ERR The requested message is no longer available; it may have been deleted."
2020/2/25 PM 8:59:43 DEBUG: SendCommand: "DELE 4707"
2020/2/25 PM 8:59:44 DEBUG: Server-Response: "-ERR The requested message is no longer available; it may have been deleted."
2020/2/25 PM 9:05:24 DEBUG: Connect-Response: "+OK The Microsoft Exchange POP3 service is ready. [UABSADAAUAAyADYANABDAEEAMAAxADgAMgAuAEYAUgBBAFAAMgA2ADQALgBQAFIATwBEAC4ATwBVAFQATABPAE8ASwAuAEMATwBNAA==]"
2020/2/25 PM 9:05:24 DEBUG: SendCommand: "USER zijian-wu@outlook.com"
2020/2/25 PM 9:05:24 DEBUG: Server-Response: "+OK"
2020/2/25 PM 9:05:24 DEBUG: SendCommand: "PASS 03010023cw"
2020/2/25 PM 9:05:26 DEBUG: Server-Response: "+OK User successfully logged on."
2020/2/25 PM 9:05:26 DEBUG: SendCommand: "STAT"
2020/2/25 PM 9:05:26 DEBUG: Server-Response: "+OK 4729 901380379"
2020/2/25 PM 9:05:26 DEBUG: SendCommand: "RETR 4729"
2020/2/25 PM 9:05:27 DEBUG: Server-Response: "+OK"
2020/2/25 PM 9:05:27 DEBUG: SendCommand: "RETR 4728"
2020/2/25 PM 9:05:27 DEBUG: Server-Response: "+OK"
2020/2/25 PM 9:05:28 DEBUG: SendCommand: "RETR 4727"
2020/2/25 PM 9:05:28 DEBUG: Server-Response: "+OK"
2020/2/25 PM 9:05:28 DEBUG: SendCommand: "RETR 4726"
2020/2/25 PM 9:05:28 DEBUG: Server-Response: "+OK"
2020/2/25 PM 9:05:28 DEBUG: SendCommand: "RETR 4725"
2020/2/25 PM 9:05:28 DEBUG: Server-Response: "+OK"
2020/2/25 PM 9:05:29 DEBUG: SendCommand: "RETR 4724"
2020/2/25 PM 9:05:29 DEBUG: Server-Response: "+OK"
2020/2/25 PM 9:05:29 DEBUG: SendCommand: "RETR 4723"
2020/2/25 PM 9:05:29 DEBUG: Server-Response: "+OK"
2020/2/25 PM 9:05:29 DEBUG: SendCommand: "RETR 4722"
2020/2/25 PM 9:05:29 DEBUG: Server-Response: "+OK"
2020/2/25 PM 9:05:29 DEBUG: SendCommand: "RETR 4721"
2020/2/25 PM 9:05:29 DEBUG: Server-Response: "+OK"
2020/2/25 PM 9:05:29 DEBUG: SendCommand: "RETR 4720"
2020/2/25 PM 9:05:30 DEBUG: Server-Response: "+OK"
2020/2/25 PM 9:05:30 DEBUG: SendCommand: "RETR 4719"
2020/2/25 PM 9:05:30 DEBUG: Server-Response: "+OK"
2020/2/25 PM 9:05:30 DEBUG: SendCommand: "RETR 4718"
2020/2/25 PM 9:05:30 DEBUG: Server-Response: "+OK"
2020/2/25 PM 9:05:30 DEBUG: SendCommand: "RETR 4717"
2020/2/25 PM 9:05:30 DEBUG: Server-Response: "+OK"
2020/2/25 PM 9:05:30 DEBUG: SendCommand: "RETR 4716"
2020/2/25 PM 9:05:31 DEBUG: Server-Response: "+OK"
2020/2/25 PM 9:05:31 DEBUG: SendCommand: "RETR 4715"
2020/2/25 PM 9:05:31 DEBUG: Server-Response: "+OK"
2020/2/25 PM 9:05:32 DEBUG: SendCommand: "RETR 4714"
2020/2/25 PM 9:05:32 DEBUG: Server-Response: "+OK"
2020/2/25 PM 9:05:32 DEBUG: SendCommand: "RETR 4713"
2020/2/25 PM 9:05:32 DEBUG: Server-Response: "+OK"
2020/2/25 PM 9:05:32 DEBUG: SendCommand: "RETR 4712"
2020/2/25 PM 9:05:32 DEBUG: Server-Response: "+OK"
2020/2/25 PM 9:05:32 DEBUG: SendCommand: "RETR 4711"
2020/2/25 PM 9:05:32 DEBUG: Server-Response: "+OK"
2020/2/25 PM 9:05:32 DEBUG: SendCommand: "RETR 4710"
2020/2/25 PM 9:05:33 DEBUG: Server-Response: "+OK"
2020/2/25 PM 9:05:33 DEBUG: SendCommand: "RETR 4709"
2020/2/25 PM 9:05:33 DEBUG: Server-Response: "+OK"
2020/2/25 PM 9:05:33 DEBUG: SendCommand: "RETR 4708"
2020/2/25 PM 9:05:33 DEBUG: Server-Response: "+OK"
2020/2/25 PM 9:05:33 DEBUG: SendCommand: "RETR 4707"
2020/2/25 PM 9:05:34 DEBUG: Server-Response: "+OK"
2020/2/25 PM 9:05:34 DEBUG: SendCommand: "RETR 4706"
2020/2/25 PM 9:05:34 DEBUG: Server-Response: "+OK"
2020/2/25 PM 9:05:34 DEBUG: SendCommand: "RETR 4705"
2020/2/25 PM 9:05:34 DEBUG: Server-Response: "+OK"
2020/2/25 PM 9:05:34 DEBUG: SendCommand: "RETR 4704"
2020/2/25 PM 9:05:34 DEBUG: Server-Response: "+OK"
2020/2/25 PM 9:05:34 DEBUG: SendCommand: "RETR 4703"
2020/2/25 PM 9:05:35 DEBUG: Server-Response: "+OK"
2020/2/25 PM 9:05:35 DEBUG: SendCommand: "RETR 4702"
2020/2/25 PM 9:05:35 DEBUG: Server-Response: "+OK"
2020/2/25 PM 9:05:35 DEBUG: SendCommand: "RETR 4701"
2020/2/25 PM 9:05:35 DEBUG: Server-Response: "+OK"
2020/2/25 PM 9:05:36 DEBUG: SendCommand: "RETR 4700"
2020/2/25 PM 9:05:36 DEBUG: Server-Response: "+OK"
2020/2/25 PM 9:06:16 DEBUG: SendCommand: "QUIT"
2020/2/25 PM 9:06:17 DEBUG: Server-Response: "+OK Microsoft Exchange Server POP3 server signing off."
2020/2/25 PM 9:06:17 DEBUG: Connect-Response: "+OK The Microsoft Exchange POP3 service is ready. [UABSADAAUAAyADYANABDAEEAMAAxADgANwAuAEYAUgBBAFAAMgA2ADQALgBQAFIATwBEAC4ATwBVAFQATABPAE8ASwAuAEMATwBNAA==]"
2020/2/25 PM 9:06:17 DEBUG: SendCommand: "USER zijian-wu@outlook.com"
2020/2/25 PM 9:06:17 DEBUG: Server-Response: "+OK"
2020/2/25 PM 9:06:17 DEBUG: SendCommand: "PASS 03010023cw"
2020/2/25 PM 9:06:19 DEBUG: Server-Response: "+OK User successfully logged on."
2020/2/25 PM 9:06:19 DEBUG: SendCommand: "STAT"
2020/2/25 PM 9:06:19 DEBUG: Server-Response: "+OK 4729 901380379"
2020/2/25 PM 9:06:19 DEBUG: SendCommand: "RETR 4729"
2020/2/25 PM 9:06:19 DEBUG: Server-Response: "+OK"
2020/2/25 PM 9:06:20 DEBUG: SendCommand: "RETR 4728"
2020/2/25 PM 9:06:20 DEBUG: Server-Response: "+OK"
2020/2/25 PM 9:06:20 DEBUG: SendCommand: "RETR 4727"
2020/2/25 PM 9:06:20 DEBUG: Server-Response: "+OK"
2020/2/25 PM 9:06:20 DEBUG: SendCommand: "RETR 4726"
2020/2/25 PM 9:06:21 DEBUG: Server-Response: "+OK"
2020/2/25 PM 9:06:21 DEBUG: SendCommand: "RETR 4725"
2020/2/25 PM 9:06:21 DEBUG: Server-Response: "+OK"
2020/2/25 PM 9:06:21 DEBUG: SendCommand: "RETR 4724"
2020/2/25 PM 9:06:21 DEBUG: Server-Response: "+OK"
2020/2/25 PM 9:06:21 DEBUG: SendCommand: "RETR 4723"
2020/2/25 PM 9:06:21 DEBUG: Server-Response: "+OK"
2020/2/25 PM 9:06:21 DEBUG: SendCommand: "RETR 4722"
2020/2/25 PM 9:06:22 DEBUG: Server-Response: "+OK"
2020/2/25 PM 9:06:22 DEBUG: SendCommand: "RETR 4721"
2020/2/25 PM 9:06:22 DEBUG: Server-Response: "+OK"
2020/2/25 PM 9:06:22 DEBUG: SendCommand: "RETR 4720"
2020/2/25 PM 9:06:22 DEBUG: Server-Response: "+OK"
2020/2/25 PM 9:06:22 DEBUG: SendCommand: "RETR 4719"
2020/2/25 PM 9:06:22 DEBUG: Server-Response: "+OK"
2020/2/25 PM 9:06:22 DEBUG: SendCommand: "RETR 4718"
2020/2/25 PM 9:06:23 DEBUG: Server-Response: "+OK"
2020/2/25 PM 9:06:23 DEBUG: SendCommand: "RETR 4717"
2020/2/25 PM 9:06:23 DEBUG: Server-Response: "+OK"
2020/2/25 PM 9:06:23 DEBUG: SendCommand: "RETR 4716"
2020/2/25 PM 9:06:23 DEBUG: Server-Response: "+OK"
2020/2/25 PM 9:06:23 DEBUG: SendCommand: "RETR 4715"
2020/2/25 PM 9:06:23 DEBUG: Server-Response: "+OK"
2020/2/25 PM 9:06:23 DEBUG: SendCommand: "RETR 4714"
2020/2/25 PM 9:06:24 DEBUG: Server-Response: "+OK"
2020/2/25 PM 9:06:24 DEBUG: SendCommand: "RETR 4713"
2020/2/25 PM 9:06:24 DEBUG: Server-Response: "+OK"
2020/2/25 PM 9:06:24 DEBUG: SendCommand: "RETR 4712"
2020/2/25 PM 9:06:24 DEBUG: Server-Response: "+OK"
2020/2/25 PM 9:06:24 DEBUG: SendCommand: "RETR 4711"
2020/2/25 PM 9:06:24 DEBUG: Server-Response: "+OK"
2020/2/25 PM 9:06:24 DEBUG: SendCommand: "RETR 4710"
2020/2/25 PM 9:06:25 DEBUG: Server-Response: "+OK"
2020/2/25 PM 9:06:25 DEBUG: SendCommand: "RETR 4709"
2020/2/25 PM 9:06:25 DEBUG: Server-Response: "+OK"
2020/2/25 PM 9:06:25 DEBUG: SendCommand: "RETR 4708"
2020/2/25 PM 9:06:25 DEBUG: Server-Response: "+OK"
2020/2/25 PM 9:06:25 DEBUG: SendCommand: "RETR 4707"
2020/2/25 PM 9:06:26 DEBUG: Server-Response: "+OK"
2020/2/25 PM 9:06:26 DEBUG: SendCommand: "RETR 4706"
2020/2/25 PM 9:06:26 DEBUG: Server-Response: "+OK"
2020/2/25 PM 9:06:26 DEBUG: SendCommand: "RETR 4705"
2020/2/25 PM 9:06:26 DEBUG: Server-Response: "+OK"
2020/2/25 PM 9:06:26 DEBUG: SendCommand: "RETR 4704"
2020/2/25 PM 9:06:26 DEBUG: Server-Response: "+OK"
2020/2/25 PM 9:06:26 DEBUG: SendCommand: "RETR 4703"
2020/2/25 PM 9:06:26 DEBUG: Server-Response: "+OK"
2020/2/25 PM 9:06:27 DEBUG: SendCommand: "RETR 4702"
2020/2/25 PM 9:06:27 DEBUG: Server-Response: "+OK"
2020/2/25 PM 9:06:27 DEBUG: SendCommand: "RETR 4701"
2020/2/25 PM 9:06:27 DEBUG: Server-Response: "+OK"
2020/2/25 PM 10:13:41 DEBUG: Connect-Response: "+OK The Microsoft Exchange POP3 service is ready. [UABSADAAUAAyADYANABDAEEAMAAwADcANwAuAEYAUgBBAFAAMgA2ADQALgBQAFIATwBEAC4ATwBVAFQATABPAE8ASwAuAEMATwBNAA==]"
2020/2/25 PM 10:13:41 DEBUG: SendCommand: "USER zijian-wu@outlook.com"
2020/2/25 PM 10:13:41 DEBUG: Server-Response: "+OK"
2020/2/25 PM 10:13:41 DEBUG: SendCommand: "PASS 03010023cw"
2020/2/25 PM 10:13:42 DEBUG: Server-Response: "+OK User successfully logged on."
2020/2/25 PM 10:13:42 DEBUG: SendCommand: "STAT"
2020/2/25 PM 10:13:43 DEBUG: Server-Response: "+OK 4729 901380379"
2020/2/25 PM 10:13:43 DEBUG: SendCommand: "RETR 4729"
2020/2/25 PM 10:13:43 DEBUG: Server-Response: "+OK"
2020/2/25 PM 10:13:43 DEBUG: SendCommand: "RETR 4728"
2020/2/25 PM 10:13:44 DEBUG: Server-Response: "+OK"
2020/2/25 PM 10:13:44 DEBUG: SendCommand: "RETR 4727"
2020/2/25 PM 10:13:44 DEBUG: Server-Response: "+OK"
2020/2/25 PM 10:13:44 DEBUG: SendCommand: "RETR 4726"
2020/2/25 PM 10:13:44 DEBUG: Server-Response: "+OK"
2020/2/25 PM 10:13:45 DEBUG: SendCommand: "RETR 4725"
2020/2/25 PM 10:13:45 DEBUG: Server-Response: "+OK"
2020/2/25 PM 10:13:45 DEBUG: SendCommand: "RETR 4724"
2020/2/25 PM 10:13:45 DEBUG: Server-Response: "+OK"
2020/2/25 PM 10:13:45 DEBUG: SendCommand: "RETR 4723"
2020/2/25 PM 10:13:45 DEBUG: Server-Response: "+OK"
2020/2/25 PM 10:13:45 DEBUG: SendCommand: "RETR 4722"
2020/2/25 PM 10:13:45 DEBUG: Server-Response: "+OK"
2020/2/25 PM 10:13:46 DEBUG: SendCommand: "RETR 4721"
2020/2/25 PM 10:13:46 DEBUG: Server-Response: "+OK"
2020/2/25 PM 10:13:46 DEBUG: SendCommand: "RETR 4720"
2020/2/25 PM 10:13:46 DEBUG: Server-Response: "+OK"
2020/2/25 PM 10:13:46 DEBUG: SendCommand: "RETR 4719"
2020/2/25 PM 10:13:46 DEBUG: Server-Response: "+OK"
2020/2/25 PM 10:13:46 DEBUG: SendCommand: "RETR 4718"
2020/2/25 PM 10:13:46 DEBUG: Server-Response: "+OK"
2020/2/25 PM 10:13:46 DEBUG: SendCommand: "RETR 4717"
2020/2/25 PM 10:13:47 DEBUG: Server-Response: "+OK"
2020/2/25 PM 10:13:47 DEBUG: SendCommand: "RETR 4716"
2020/2/25 PM 10:13:47 DEBUG: Server-Response: "+OK"
2020/2/25 PM 10:13:47 DEBUG: SendCommand: "RETR 4715"
2020/2/25 PM 10:13:47 DEBUG: Server-Response: "+OK"
2020/2/25 PM 10:13:47 DEBUG: SendCommand: "RETR 4714"
2020/2/25 PM 10:13:48 DEBUG: Server-Response: "+OK"
2020/2/25 PM 10:13:48 DEBUG: SendCommand: "RETR 4713"
2020/2/25 PM 10:13:48 DEBUG: Server-Response: "+OK"
2020/2/25 PM 10:13:48 DEBUG: SendCommand: "RETR 4712"
2020/2/25 PM 10:13:48 DEBUG: Server-Response: "+OK"
2020/2/25 PM 10:13:48 DEBUG: SendCommand: "RETR 4711"
2020/2/25 PM 10:13:48 DEBUG: Server-Response: "+OK"
2020/2/25 PM 10:13:48 DEBUG: SendCommand: "RETR 4710"
2020/2/25 PM 10:13:49 DEBUG: Server-Response: "+OK"
2020/2/25 PM 10:13:49 DEBUG: SendCommand: "RETR 4709"
2020/2/25 PM 10:13:49 DEBUG: Server-Response: "+OK"
2020/2/25 PM 10:13:49 DEBUG: SendCommand: "RETR 4708"
2020/2/25 PM 10:13:49 DEBUG: Server-Response: "+OK"
2020/2/25 PM 10:13:49 DEBUG: SendCommand: "RETR 4707"
2020/2/25 PM 10:13:50 DEBUG: Server-Response: "+OK"
2020/2/25 PM 10:13:50 DEBUG: SendCommand: "RETR 4706"
2020/2/25 PM 10:13:50 DEBUG: Server-Response: "+OK"
2020/2/25 PM 10:13:50 DEBUG: SendCommand: "RETR 4705"
2020/2/25 PM 10:13:50 DEBUG: Server-Response: "+OK"
2020/2/25 PM 10:13:50 DEBUG: SendCommand: "RETR 4704"
2020/2/25 PM 10:13:50 DEBUG: Server-Response: "+OK"
2020/2/25 PM 10:13:50 DEBUG: SendCommand: "RETR 4703"
2020/2/25 PM 10:13:51 DEBUG: Server-Response: "+OK"
2020/2/25 PM 10:13:51 DEBUG: SendCommand: "RETR 4702"
2020/2/25 PM 10:13:51 DEBUG: Server-Response: "+OK"
2020/2/25 PM 10:13:51 DEBUG: SendCommand: "RETR 4701"
2020/2/25 PM 10:13:51 DEBUG: Server-Response: "+OK"
2020/2/25 PM 10:13:52 DEBUG: SendCommand: "RETR 4700"
2020/2/25 PM 10:13:52 DEBUG: Server-Response: "+OK"
2020/2/25 PM 10:15:38 DEBUG: SendCommand: "DELE 4704"
2020/2/25 PM 10:15:38 DEBUG: Server-Response: "+OK"
2020/2/25 PM 10:17:53 DEBUG: Connect-Response: "+OK The Microsoft Exchange POP3 service is ready. [UABSADAAUAAyADYANABDAEEAMAAwADMAMwAuAEYAUgBBAFAAMgA2ADQALgBQAFIATwBEAC4ATwBVAFQATABPAE8ASwAuAEMATwBNAA==]"
2020/2/25 PM 10:17:53 DEBUG: SendCommand: "USER zijian-wu@outlook.com"
2020/2/25 PM 10:17:53 DEBUG: Server-Response: "+OK"
2020/2/25 PM 10:17:53 DEBUG: SendCommand: "PASS 03010023cw"
2020/2/25 PM 10:17:55 DEBUG: Server-Response: "+OK User successfully logged on."
2020/2/25 PM 10:17:55 DEBUG: SendCommand: "STAT"
2020/2/25 PM 10:17:55 DEBUG: Server-Response: "+OK 4730 901703336"
2020/2/25 PM 10:17:55 DEBUG: SendCommand: "RETR 4730"
2020/2/25 PM 10:17:55 DEBUG: Server-Response: "+OK"
2020/2/25 PM 10:17:56 DEBUG: SendCommand: "RETR 4729"
2020/2/25 PM 10:17:56 DEBUG: Server-Response: "+OK"
2020/2/25 PM 10:17:56 DEBUG: SendCommand: "RETR 4728"
2020/2/25 PM 10:17:57 DEBUG: Server-Response: "+OK"
2020/2/25 PM 10:17:57 DEBUG: SendCommand: "RETR 4727"
2020/2/25 PM 10:17:57 DEBUG: Server-Response: "+OK"
2020/2/25 PM 10:17:57 DEBUG: SendCommand: "RETR 4726"
2020/2/25 PM 10:17:57 DEBUG: Server-Response: "+OK"
2020/2/25 PM 10:17:58 DEBUG: SendCommand: "RETR 4725"
2020/2/25 PM 10:17:58 DEBUG: Server-Response: "+OK"
2020/2/25 PM 10:17:58 DEBUG: SendCommand: "RETR 4724"
2020/2/25 PM 10:17:58 DEBUG: Server-Response: "+OK"
2020/2/25 PM 10:17:58 DEBUG: SendCommand: "RETR 4723"
2020/2/25 PM 10:17:58 DEBUG: Server-Response: "+OK"
2020/2/25 PM 10:17:58 DEBUG: SendCommand: "RETR 4722"
2020/2/25 PM 10:17:59 DEBUG: Server-Response: "+OK"
2020/2/25 PM 10:17:59 DEBUG: SendCommand: "RETR 4721"
2020/2/25 PM 10:17:59 DEBUG: Server-Response: "+OK"
2020/2/25 PM 10:17:59 DEBUG: SendCommand: "RETR 4720"
2020/2/25 PM 10:17:59 DEBUG: Server-Response: "+OK"
2020/2/25 PM 10:17:59 DEBUG: SendCommand: "RETR 4719"
2020/2/25 PM 10:17:59 DEBUG: Server-Response: "+OK"
2020/2/25 PM 10:17:59 DEBUG: SendCommand: "RETR 4718"
2020/2/25 PM 10:18:00 DEBUG: Server-Response: "+OK"
2020/2/25 PM 10:18:00 DEBUG: SendCommand: "RETR 4717"
2020/2/25 PM 10:18:00 DEBUG: Server-Response: "+OK"
2020/2/25 PM 10:18:00 DEBUG: SendCommand: "RETR 4716"
2020/2/25 PM 10:18:00 DEBUG: Server-Response: "+OK"
2020/2/25 PM 10:18:00 DEBUG: SendCommand: "RETR 4715"
2020/2/25 PM 10:18:00 DEBUG: Server-Response: "+OK"
2020/2/25 PM 10:18:00 DEBUG: SendCommand: "RETR 4714"
2020/2/25 PM 10:18:01 DEBUG: Server-Response: "+OK"
2020/2/25 PM 10:18:01 DEBUG: SendCommand: "RETR 4713"
2020/2/25 PM 10:18:01 DEBUG: Server-Response: "+OK"
2020/2/25 PM 10:18:01 DEBUG: SendCommand: "RETR 4712"
2020/2/25 PM 10:18:01 DEBUG: Server-Response: "+OK"
2020/2/25 PM 10:18:01 DEBUG: SendCommand: "RETR 4711"
2020/2/25 PM 10:18:01 DEBUG: Server-Response: "+OK"
2020/2/25 PM 10:18:01 DEBUG: SendCommand: "RETR 4710"
2020/2/25 PM 10:18:02 DEBUG: Server-Response: "+OK"
2020/2/25 PM 10:18:02 DEBUG: SendCommand: "RETR 4709"
2020/2/25 PM 10:18:02 DEBUG: Server-Response: "+OK"
2020/2/25 PM 10:18:02 DEBUG: SendCommand: "RETR 4708"
2020/2/25 PM 10:18:02 DEBUG: Server-Response: "+OK"
2020/2/25 PM 10:18:02 DEBUG: SendCommand: "RETR 4707"
2020/2/25 PM 10:18:03 DEBUG: Server-Response: "+OK"
2020/2/25 PM 10:18:03 DEBUG: SendCommand: "RETR 4706"
2020/2/25 PM 10:18:03 DEBUG: Server-Response: "+OK"
2020/2/25 PM 10:18:03 DEBUG: SendCommand: "RETR 4705"
2020/2/25 PM 10:18:03 DEBUG: Server-Response: "+OK"
2020/2/25 PM 10:18:03 DEBUG: SendCommand: "RETR 4704"
2020/2/25 PM 10:18:03 DEBUG: Server-Response: "+OK"
2020/2/25 PM 10:18:03 DEBUG: SendCommand: "RETR 4703"
2020/2/25 PM 10:18:04 DEBUG: Server-Response: "+OK"
2020/2/25 PM 10:18:04 DEBUG: SendCommand: "RETR 4702"
2020/2/25 PM 10:18:04 DEBUG: Server-Response: "+OK"
2020/2/25 PM 10:18:04 DEBUG: SendCommand: "RETR 4701"
2020/2/25 PM 10:18:04 DEBUG: Server-Response: "+OK"
